API endpoint: http://localhost:9099
If you are using a library that supports the FIRESTORE_EMULATOR_HOST environment variable, run:

   export FIRESTORE_EMULATOR_HOST=localhost:9099

Dev App Server is now running.

Jun 25, 2021 11:33:39 AM io.gapi.emulators.netty.HttpVersionRoutingHandler channelRead
INFO: Detected non-HTTP/2 connection.
Jun 25, 2021 11:33:39 AM io.gapi.emulators.netty.NotFoundHandler handleRequest
INFO: Unknown request URI: /favicon.ico
Jun 25, 2021 11:33:54 AM io.gapi.emulators.netty.HttpVersionRoutingHandler channelRead
INFO: Detected non-HTTP/2 connection.
Jun 25, 2021 11:33:55 AM io.gapi.emulators.netty.HttpVersionRoutingHandler channelRead
INFO: Detected HTTP/2 connection.
Jun 25, 2021 11:38:35 AM com.google.net.webchannel.server.common.CorsFilter populateCustomHeaders
WARNING: Invalid $httpHeaders: X-Goog-Api-Client:gl-js/ fire/8.6.8
Content-Type:text/plain
X-Firebase-GMPID:1:242684016778:web:7788191855ee3d2aab5573

Jun 25, 2021 11:38:36 AM io.gapi.emulators.netty.HttpVersionRoutingHandler channelRead
INFO: Detected non-HTTP/2 connection.
Jun 25, 2021 11:38:36 AM io.gapi.emulators.netty.HttpVersionRoutingHandler channelRead
INFO: Detected non-HTTP/2 connection.
Jun 25, 2021 11:39:23 AM io.gapi.emulators.netty.HttpVersionRoutingHandler channelRead
INFO: Detected non-HTTP/2 connection.
Jun 25, 2021 11:39:23 AM com.google.net.webchannel.server.common.CorsFilter populateCustomHeaders
WARNING: Invalid $httpHeaders: X-Goog-Api-Client:gl-js/ fire/8.6.8
Content-Type:text/plain
X-Firebase-GMPID:1:242684016778:web:7788191855ee3d2aab5573

Jun 25, 2021 11:39:23 AM io.gapi.emulators.netty.HttpVersionRoutingHandler channelRead
INFO: Detected non-HTTP/2 connection.
Jun 25, 2021 11:39:24 AM io.gapi.emulators.netty.HttpVersionRoutingHandler channelRead
INFO: Detected non-HTTP/2 connection.
Jun 25, 2021 11:40:23 AM io.gapi.emulators.netty.HttpVersionRoutingHandler channelRead
INFO: Detected non-HTTP/2 connection.
Jun 25, 2021 11:40:23 AM com.google.cloud.datastore.emulator.firestore.webchannel.FirestoreV1WebChannelAdapter$FirestoreListenHandler onClose
INFO: channel closed
Jun 25, 2021 11:41:06 AM io.gapi.emulators.netty.HttpVersionRoutingHandler channelRead
INFO: Detected non-HTTP/2 connection.
